
chdir(/home/wsz/42/fdf)
chdir(/etc/xdg//nvim)
chdir(/home/wsz/42/fdf)
sourcing "/etc/xdg//nvim/sysinit.vim"
chdir(/home/wsz/42/fdf)
chdir(/usr/share/nvim)
chdir(/home/wsz/42/fdf)
line 2: sourcing "/usr/share/nvim/archlinux.vim"
finished sourcing /usr/share/nvim/archlinux.vim
continuing in /etc/xdg/nvim/sysinit.vim
finished sourcing /etc/xdg//nvim/sysinit.vim
chdir(/home/wsz/42/fdf)
chdir(/home/wsz/.config/nvim)
chdir(/home/wsz/42/fdf)
sourcing "/home/wsz/.config/nvim/init.vim"
chdir(/home/wsz/42/fdf)
chdir(/home/wsz)
chdir(/home/wsz/42/fdf)
line 3: sourcing "/home/wsz/.vimrc"
chdir(/home/wsz/42/fdf)
chdir(/home/wsz/.dot/vim)
chdir(/home/wsz/42/fdf)
line 14: sourcing "/home/wsz/.dot/vim/autoload_vimplug.vim"
finished sourcing /home/wsz/.dot/vim/autoload_vimplug.vim
continuing in /home/wsz/.vimrc
chdir(/home/wsz/42/fdf)
chdir(/home/wsz/.dot/vim)
chdir(/home/wsz/42/fdf)
line 15: sourcing "/home/wsz/.dot/vim/performance.vim"
finished sourcing /home/wsz/.dot/vim/performance.vim
continuing in /home/wsz/.vimrc
chdir(/home/wsz/42/fdf)
chdir(/home/wsz/.dot/vim)
chdir(/home/wsz/42/fdf)
line 16: sourcing "/home/wsz/.dot/vim/interface.vim"
chdir(/home/wsz/42/fdf)
chdir(/usr/share/nvim/runtime/syntax)
chdir(/home/wsz/42/fdf)
line 3: sourcing "/usr/share/nvim/runtime/syntax/syntax.vim"
chdir(/home/wsz/42/fdf)
chdir(/usr/share/nvim/runtime/syntax)
chdir(/home/wsz/42/fdf)
line 19: sourcing "/usr/share/nvim/runtime/syntax/synload.vim"
chdir(/home/wsz/42/fdf)
chdir(/usr/share/nvim/runtime/syntax)
chdir(/home/wsz/42/fdf)
line 21: sourcing "/usr/share/nvim/runtime/syntax/syncolor.vim"
finished sourcing /usr/share/nvim/runtime/syntax/syncolor.vim
continuing in /usr/share/nvim/runtime/syntax/synload.vim
not found in 'packpath': "pack/*/start/*/syntax/syncolor.vim"
not found in 'packpath': "start/*/syntax/syncolor.vim"
finished sourcing /usr/share/nvim/runtime/syntax/synload.vim
continuing in /usr/share/nvim/runtime/syntax/syntax.vim
chdir(/home/wsz/42/fdf)
chdir(/usr/share/nvim/runtime)
chdir(/home/wsz/42/fdf)
line 25: sourcing "/usr/share/nvim/runtime/filetype.vim"
chdir(/home/wsz/42/fdf)
chdir(/usr/share/vim/vimfiles/ftdetect)
chdir(/home/wsz/42/fdf)
line 2318: sourcing "/usr/share/vim/vimfiles/ftdetect/PKGBUILD.vim"
finished sourcing /usr/share/vim/vimfiles/ftdetect/PKGBUILD.vim
continuing in /usr/share/nvim/runtime/filetype.vim
chdir(/home/wsz/42/fdf)
chdir(/usr/share/vim/vimfiles/ftdetect)
chdir(/home/wsz/42/fdf)
line 2318: sourcing "/usr/share/vim/vimfiles/ftdetect/gnfiletype.vim"
finished sourcing /usr/share/vim/vimfiles/ftdetect/gnfiletype.vim
continuing in /usr/share/nvim/runtime/filetype.vim
chdir(/home/wsz/42/fdf)
chdir(/usr/share/vim/vimfiles/ftdetect)
chdir(/home/wsz/42/fdf)
line 2318: sourcing "/usr/share/vim/vimfiles/ftdetect/meson.vim"
finished sourcing /usr/share/vim/vimfiles/ftdetect/meson.vim
continuing in /usr/share/nvim/runtime/filetype.vim
chdir(/home/wsz/42/fdf)
chdir(/usr/share/vim/vimfiles/ftdetect)
chdir(/home/wsz/42/fdf)
line 2318: sourcing "/usr/share/vim/vimfiles/ftdetect/pullrequest.vim"
finished sourcing /usr/share/vim/vimfiles/ftdetect/pullrequest.vim
continuing in /usr/share/nvim/runtime/filetype.vim
not found in 'packpath': "pack/*/start/*/ftdetect/*.vim"
not found in 'packpath': "start/*/ftdetect/*.vim"
not found in 'runtimepath': "ftdetect/*.lua"
not found in 'packpath': "pack/*/start/*/ftdetect/*.lua"
not found in 'packpath': "start/*/ftdetect/*.lua"
finished sourcing /usr/share/nvim/runtime/filetype.vim
continuing in /usr/share/nvim/runtime/syntax/syntax.vim
not found in 'packpath': "pack/*/start/*/filetype.vim"
not found in 'packpath': "start/*/filetype.vim"
Executing FileType Autocommands for "*"
autocommand exe "set syntax=" . expand("<amatch>")

Executing Syntax Autocommands for "*"
autocommand syntax sync minlines=2000

Executing Syntax Autocommands for "*"
autocommand call s:SynSet()

Executing BufReadPost Autocommands for "*"
autocommand if !did_filetype() && expand("<amatch>") !~ g:ft_ignore_pat | runtime! scripts.vim | endif

chdir(/home/wsz/42/fdf)
chdir(/usr/share/nvim/runtime)
chdir(/home/wsz/42/fdf)
line 0: sourcing "/usr/share/nvim/runtime/scripts.vim"
finished sourcing /usr/share/nvim/runtime/scripts.vim
continuing in BufReadPost Autocommands for "*"
not found in 'packpath': "pack/*/start/*/scripts.vim"
not found in 'packpath': "start/*/scripts.vim"
Executing BufReadPost Autocommands for "*"
autocommand if !did_filetype() && expand("<amatch>") !~ g:ft_ignore_pat    && (getline(1) =~ '^#' || getline(2) =~ '^#' || getline(3) =~ '^#'^I|| getline(4) =~ '^#' || getline(5) =~ '^#') |   setf FALLBACK conf | endif

finished sourcing /usr/share/nvim/runtime/syntax/syntax.vim
continuing in /home/wsz/.dot/vim/interface.vim
chdir(/home/wsz/42/fdf)
chdir(/usr/share/nvim/runtime/syntax)
chdir(/home/wsz/42/fdf)
line 10: sourcing "/usr/share/nvim/runtime/syntax/syncolor.vim"
finished sourcing /usr/share/nvim/runtime/syntax/syncolor.vim
continuing in /home/wsz/.dot/vim/interface.vim
not found in 'packpath': "pack/*/start/*/syntax/syncolor.vim"
not found in 'packpath': "start/*/syntax/syncolor.vim"
chdir(/home/wsz/42/fdf)
chdir(/usr/share/nvim/runtime)
chdir(/home/wsz/42/fdf)
line 19: sourcing "/usr/share/nvim/runtime/filetype.vim"
finished sourcing /usr/share/nvim/runtime/filetype.vim
continuing in /home/wsz/.dot/vim/interface.vim
not found in 'packpath': "pack/*/start/*/filetype.vim"
not found in 'packpath': "start/*/filetype.vim"
chdir(/home/wsz/42/fdf)
chdir(/usr/share/nvim/runtime)
chdir(/home/wsz/42/fdf)
line 19: sourcing "/usr/share/nvim/runtime/indent.vim"
finished sourcing /usr/share/nvim/runtime/indent.vim
continuing in /home/wsz/.dot/vim/interface.vim
not found in 'packpath': "pack/*/start/*/indent.vim"
not found in 'packpath': "start/*/indent.vim"
finished sourcing /home/wsz/.dot/vim/interface.vim
continuing in /home/wsz/.vimrc
chdir(/home/wsz/42/fdf)
chdir(/home/wsz/.dot/vim)
chdir(/home/wsz/42/fdf)
line 17: sourcing "/home/wsz/.dot/vim/mappings.vim"
finished sourcing /home/wsz/.dot/vim/mappings.vim
continuing in /home/wsz/.vimrc
chdir(/home/wsz/42/fdf)
chdir(/home/wsz/.vim/autoload)
chdir(/home/wsz/42/fdf)
line 25: sourcing "/home/wsz/.vim/autoload/plug.vim"
finished sourcing /home/wsz/.vim/autoload/plug.vim
continuing in /home/wsz/.vimrc
chdir(/home/wsz/42/fdf)
chdir(/usr/share/nvim/runtime)
chdir(/home/wsz/42/fdf)
line 14: sourcing "/usr/share/nvim/runtime/ftoff.vim"
finished sourcing /usr/share/nvim/runtime/ftoff.vim
continuing in function plug#end
not found in 'packpath': "pack/*/start/*/ftoff.vim"
not found in 'packpath': "start/*/ftoff.vim"
chdir(/home/wsz/42/fdf)
chdir(/usr/share/nvim/runtime)
chdir(/home/wsz/42/fdf)
line 83: sourcing "/usr/share/nvim/runtime/filetype.vim"
chdir(/home/wsz/42/fdf)
chdir(/home/wsz/.vim/plugged/scnvim/ftdetect)
chdir(/home/wsz/42/fdf)
line 2318: sourcing "/home/wsz/.vim/plugged/scnvim/ftdetect/supercollider.vim"
finished sourcing /home/wsz/.vim/plugged/scnvim/ftdetect/supercollider.vim
continuing in /usr/share/nvim/runtime/filetype.vim
chdir(/home/wsz/42/fdf)
chdir(/usr/share/vim/vimfiles/ftdetect)
chdir(/home/wsz/42/fdf)
line 2318: sourcing "/usr/share/vim/vimfiles/ftdetect/PKGBUILD.vim"
finished sourcing /usr/share/vim/vimfiles/ftdetect/PKGBUILD.vim
continuing in /usr/share/nvim/runtime/filetype.vim
chdir(/home/wsz/42/fdf)
chdir(/usr/share/vim/vimfiles/ftdetect)
chdir(/home/wsz/42/fdf)
line 2318: sourcing "/usr/share/vim/vimfiles/ftdetect/gnfiletype.vim"
finished sourcing /usr/share/vim/vimfiles/ftdetect/gnfiletype.vim
continuing in /usr/share/nvim/runtime/filetype.vim
chdir(/home/wsz/42/fdf)
chdir(/usr/share/vim/vimfiles/ftdetect)
chdir(/home/wsz/42/fdf)
line 2318: sourcing "/usr/share/vim/vimfiles/ftdetect/meson.vim"
finished sourcing /usr/share/vim/vimfiles/ftdetect/meson.vim
continuing in /usr/share/nvim/runtime/filetype.vim
chdir(/home/wsz/42/fdf)
chdir(/usr/share/vim/vimfiles/ftdetect)
chdir(/home/wsz/42/fdf)
line 2318: sourcing "/usr/share/vim/vimfiles/ftdetect/pullrequest.vim"
finished sourcing /usr/share/vim/vimfiles/ftdetect/pullrequest.vim
continuing in /usr/share/nvim/runtime/filetype.vim
not found in 'packpath': "pack/*/start/*/ftdetect/*.vim"
not found in 'packpath': "start/*/ftdetect/*.vim"
not found in 'runtimepath': "ftdetect/*.lua"
not found in 'packpath': "pack/*/start/*/ftdetect/*.lua"
not found in 'packpath': "start/*/ftdetect/*.lua"
finished sourcing /usr/share/nvim/runtime/filetype.vim
continuing in function plug#end
not found in 'packpath': "pack/*/start/*/filetype.vim"
not found in 'packpath': "start/*/filetype.vim"
chdir(/home/wsz/42/fdf)
chdir(/usr/share/nvim/runtime)
chdir(/home/wsz/42/fdf)
line 83: sourcing "/usr/share/nvim/runtime/ftplugin.vim"
finished sourcing /usr/share/nvim/runtime/ftplugin.vim
continuing in function plug#end
not found in 'packpath': "pack/*/start/*/ftplugin.vim"
not found in 'packpath': "start/*/ftplugin.vim"
chdir(/home/wsz/42/fdf)
chdir(/usr/share/nvim/runtime)
chdir(/home/wsz/42/fdf)
line 83: sourcing "/usr/share/nvim/runtime/indent.vim"
finished sourcing /usr/share/nvim/runtime/indent.vim
continuing in function plug#end
not found in 'packpath': "pack/*/start/*/indent.vim"
not found in 'packpath': "start/*/indent.vim"
chdir(/home/wsz/42/fdf)
chdir(/home/wsz/.dot/vim)
chdir(/home/wsz/42/fdf)
line 78: sourcing "/home/wsz/.dot/vim/ncoc.vim"
not found in 'runtimepath': "plugin/supertab.vim"
not found in 'packpath': "pack/*/start/*/plugin/supertab.vim"
not found in 'packpath': "start/*/plugin/supertab.vim"
finished sourcing /home/wsz/.dot/vim/ncoc.vim
continuing in /home/wsz/.vimrc
chdir(/home/wsz/42/fdf)
chdir(/home/wsz/.dot/vim)
chdir(/home/wsz/42/fdf)
line 79: sourcing "/home/wsz/.dot/vim/supercollider.vim"
finished sourcing /home/wsz/.dot/vim/supercollider.vim
continuing in /home/wsz/.vimrc
chdir(/home/wsz/42/fdf)
chdir(/home/wsz/.dot/vim)
chdir(/home/wsz/42/fdf)
line 80: sourcing "/home/wsz/.dot/vim/gruvbox_material.vim"
chdir(/home/wsz/42/fdf)
chdir(/home/wsz/.vim/plugged/gruvbox-material/colors)
chdir(/home/wsz/42/fdf)
line 43: sourcing "/home/wsz/.vim/plugged/gruvbox-material/colors/gruvbox-material.vim"
chdir(/home/wsz/42/fdf)
chdir(/home/wsz/.vim/plugged/gruvbox-material/autoload)
chdir(/home/wsz/42/fdf)
line 10: sourcing "/home/wsz/.vim/plugged/gruvbox-material/autoload/gruvbox_material.vim"
finished sourcing /home/wsz/.vim/plugged/gruvbox-material/autoload/gruvbox_material.vim
continuing in /home/wsz/.vim/plugged/gruvbox-material/colors/gruvbox-material.vim
chdir(/home/wsz/42/fdf)
chdir(/usr/share/nvim/runtime/syntax)
chdir(/home/wsz/42/fdf)
line 17: sourcing "/usr/share/nvim/runtime/syntax/syncolor.vim"
finished sourcing /usr/share/nvim/runtime/syntax/syncolor.vim
continuing in /home/wsz/.vim/plugged/gruvbox-material/colors/gruvbox-material.vim
not found in 'packpath': "pack/*/start/*/syntax/syncolor.vim"
not found in 'packpath': "start/*/syntax/syncolor.vim"
chdir(/home/wsz/42/fdf)
chdir(/usr/share/nvim/runtime/syntax)
chdir(/home/wsz/42/fdf)
line 19: sourcing "/usr/share/nvim/runtime/syntax/syncolor.vim"
finished sourcing /usr/share/nvim/runtime/syntax/syncolor.vim
continuing in /home/wsz/.vim/plugged/gruvbox-material/colors/gruvbox-material.vim
not found in 'packpath': "pack/*/start/*/syntax/syncolor.vim"
not found in 'packpath': "start/*/syntax/syncolor.vim"
finished sourcing /home/wsz/.vim/plugged/gruvbox-material/colors/gruvbox-material.vim
continuing in /home/wsz/.dot/vim/gruvbox_material.vim
finished sourcing /home/wsz/.dot/vim/gruvbox_material.vim
continuing in /home/wsz/.vimrc
chdir(/home/wsz/42/fdf)
chdir(/home/wsz/.dot/vim)
chdir(/home/wsz/42/fdf)
line 81: sourcing "/home/wsz/.dot/vim/nerdtree.vim"
finished sourcing /home/wsz/.dot/vim/nerdtree.vim
continuing in /home/wsz/.vimrc
chdir(/home/wsz/42/fdf)
chdir(/home/wsz/.vim/plugged/gruvbox-material/colors)
chdir(/home/wsz/42/fdf)
line 83: sourcing "/home/wsz/.vim/plugged/gruvbox-material/colors/gruvbox-material.vim"
chdir(/home/wsz/42/fdf)
chdir(/usr/share/nvim/runtime/syntax)
chdir(/home/wsz/42/fdf)
line 17: sourcing "/usr/share/nvim/runtime/syntax/syncolor.vim"
finished sourcing /usr/share/nvim/runtime/syntax/syncolor.vim
continuing in /home/wsz/.vim/plugged/gruvbox-material/colors/gruvbox-material.vim
not found in 'packpath': "pack/*/start/*/syntax/syncolor.vim"
not found in 'packpath': "start/*/syntax/syncolor.vim"
chdir(/home/wsz/42/fdf)
chdir(/usr/share/nvim/runtime/syntax)
chdir(/home/wsz/42/fdf)
line 19: sourcing "/usr/share/nvim/runtime/syntax/syncolor.vim"
finished sourcing /usr/share/nvim/runtime/syntax/syncolor.vim
continuing in /home/wsz/.vim/plugged/gruvbox-material/colors/gruvbox-material.vim
not found in 'packpath': "pack/*/start/*/syntax/syncolor.vim"
not found in 'packpath': "start/*/syntax/syncolor.vim"
finished sourcing /home/wsz/.vim/plugged/gruvbox-material/colors/gruvbox-material.vim
continuing in /home/wsz/.vimrc
finished sourcing /home/wsz/.vimrc
continuing in /home/wsz/.config/nvim/init.vim
finished sourcing /home/wsz/.config/nvim/init.vim
not found in 'packpath': "pack/*/start/*"
not found in 'packpath': "start/*"
chdir(/home/wsz/42/fdf)
chdir(/home/wsz/.vim/plugged/vim-airline/plugin)
chdir(/home/wsz/42/fdf)
sourcing "/home/wsz/.vim/plugged/vim-airline/plugin/airline.vim"
chdir(/home/wsz/42/fdf)
chdir(/home/wsz/.vim/plugged/vim-airline/autoload/airline)
chdir(/home/wsz/42/fdf)
line 293: sourcing "/home/wsz/.vim/plugged/vim-airline/autoload/airline/init.vim"
finished sourcing /home/wsz/.vim/plugged/vim-airline/autoload/airline/init.vim
continuing in /home/wsz/.vim/plugged/vim-airline/plugin/airline.vim
chdir(/home/wsz/42/fdf)
chdir(/home/wsz/.vim/plugged/vim-airline/autoload/airline)
chdir(/home/wsz/42/fdf)
line 128: sourcing "/home/wsz/.vim/plugged/vim-airline/autoload/airline/parts.vim"
finished sourcing /home/wsz/.vim/plugged/vim-airline/autoload/airline/parts.vim
continuing in function airline#init#bootstrap
chdir(/home/wsz/42/fdf)
chdir(/home/wsz/.vim/plugged/vim-airline/autoload/airline/formatter)
chdir(/home/wsz/42/fdf)
line 144: sourcing "/home/wsz/.vim/plugged/vim-airline/autoload/airline/formatter/short_path.vim"
finished sourcing /home/wsz/.vim/plugged/vim-airline/autoload/airline/formatter/short_path.vim
continuing in function airline#init#bootstrap
chdir(/home/wsz/42/fdf)
chdir(/home/wsz/.vim/plugged/vim-airline/autoload/airline)
chdir(/home/wsz/42/fdf)
line 71: sourcing "/home/wsz/.vim/plugged/vim-airline/autoload/airline/util.vim"
finished sourcing /home/wsz/.vim/plugged/vim-airline/autoload/airline/util.vim
continuing in function <SNR>29_airline_toggle
finished sourcing /home/wsz/.vim/plugged/vim-airline/plugin/airline.vim
chdir(/home/wsz/42/fdf)
chdir(/home/wsz/.vim/plugged/vim-airline-themes/plugin)
chdir(/home/wsz/42/fdf)
sourcing "/home/wsz/.vim/plugged/vim-airline-themes/plugin/airline-themes.vim"
finished sourcing /home/wsz/.vim/plugged/vim-airline-themes/plugin/airline-themes.vim
chdir(/home/wsz/42/fdf)
chdir(/home/wsz/.vim/plugged/coc.nvim/plugin)
chdir(/home/wsz/42/fdf)
sourcing "/home/wsz/.vim/plugged/coc.nvim/plugin/coc.vim"
chdir(/home/wsz/42/fdf)
chdir(/home/wsz/.vim/plugged/coc.nvim/autoload/coc)
chdir(/home/wsz/42/fdf)
line 49: sourcing "/home/wsz/.vim/plugged/coc.nvim/autoload/coc/rpc.vim"
finished sourcing /home/wsz/.vim/plugged/coc.nvim/autoload/coc/rpc.vim
continuing in /home/wsz/.vim/plugged/coc.nvim/plugin/coc.vim
chdir(/home/wsz/42/fdf)
chdir(/home/wsz/.vim/plugged/coc.nvim/autoload/coc)
chdir(/home/wsz/42/fdf)
line 10: sourcing "/home/wsz/.vim/plugged/coc.nvim/autoload/coc/util.vim"
finished sourcing /home/wsz/.vim/plugged/coc.nvim/autoload/coc/util.vim
continuing in function coc#rpc#start_server
chdir(/home/wsz/42/fdf)
chdir(/home/wsz/.vim/plugged/coc.nvim/autoload/coc)
chdir(/home/wsz/42/fdf)
line 14: sourcing "/home/wsz/.vim/plugged/coc.nvim/autoload/coc/client.vim"
finished sourcing /home/wsz/.vim/plugged/coc.nvim/autoload/coc/client.vim
continuing in function coc#rpc#start_server
finished sourcing /home/wsz/.vim/plugged/coc.nvim/plugin/coc.vim
chdir(/home/wsz/42/fdf)
chdir(/home/wsz/.vim/plugged/scnvim/plugin)
chdir(/home/wsz/42/fdf)
sourcing "/home/wsz/.vim/plugged/scnvim/plugin/supercollider.vim"
finished sourcing /home/wsz/.vim/plugged/scnvim/plugin/supercollider.vim
chdir(/home/wsz/42/fdf)
chdir(/home/wsz/.vim/plugged/vim-rainbow/plugin)
chdir(/home/wsz/42/fdf)
sourcing "/home/wsz/.vim/plugged/vim-rainbow/plugin/rainbow.vim"
finished sourcing /home/wsz/.vim/plugged/vim-rainbow/plugin/rainbow.vim
chdir(/home/wsz/42/fdf)
chdir(/home/wsz/.vim/plugged/nerdcommenter/plugin)
chdir(/home/wsz/42/fdf)
sourcing "/home/wsz/.vim/plugged/nerdcommenter/plugin/nerdcommenter.vim"
finished sourcing /home/wsz/.vim/plugged/nerdcommenter/plugin/nerdcommenter.vim
chdir(/home/wsz/42/fdf)
chdir(/home/wsz/.vim/plugged/nerdtree/plugin)
chdir(/home/wsz/42/fdf)
sourcing "/home/wsz/.vim/plugged/nerdtree/plugin/NERD_tree.vim"
chdir(/home/wsz/42/fdf)
chdir(/home/wsz/.vim/plugged/nerdtree/autoload)
chdir(/home/wsz/42/fdf)
line 56: sourcing "/home/wsz/.vim/plugged/nerdtree/autoload/nerdtree.vim"
finished sourcing /home/wsz/.vim/plugged/nerdtree/autoload/nerdtree.vim
continuing in /home/wsz/.vim/plugged/nerdtree/plugin/NERD_tree.vim
chdir(/home/wsz/42/fdf)
chdir(/home/wsz/.vim/plugged/nerdtree/lib/nerdtree)
chdir(/home/wsz/42/fdf)
line 1: sourcing "/home/wsz/.vim/plugged/nerdtree/lib/nerdtree/path.vim"
finished sourcing /home/wsz/.vim/plugged/nerdtree/lib/nerdtree/path.vim
continuing in function nerdtree#loadClassFiles
chdir(/home/wsz/42/fdf)
chdir(/home/wsz/.vim/plugged/nerdtree/lib/nerdtree)
chdir(/home/wsz/42/fdf)
line 2: sourcing "/home/wsz/.vim/plugged/nerdtree/lib/nerdtree/menu_controller.vim"
finished sourcing /home/wsz/.vim/plugged/nerdtree/lib/nerdtree/menu_controller.vim
continuing in function nerdtree#loadClassFiles
chdir(/home/wsz/42/fdf)
chdir(/home/wsz/.vim/plugged/nerdtree/lib/nerdtree)
chdir(/home/wsz/42/fdf)
line 3: sourcing "/home/wsz/.vim/plugged/nerdtree/lib/nerdtree/menu_item.vim"
finished sourcing /home/wsz/.vim/plugged/nerdtree/lib/nerdtree/menu_item.vim
continuing in function nerdtree#loadClassFiles
chdir(/home/wsz/42/fdf)
chdir(/home/wsz/.vim/plugged/nerdtree/lib/nerdtree)
chdir(/home/wsz/42/fdf)
line 4: sourcing "/home/wsz/.vim/plugged/nerdtree/lib/nerdtree/key_map.vim"
finished sourcing /home/wsz/.vim/plugged/nerdtree/lib/nerdtree/key_map.vim
continuing in function nerdtree#loadClassFiles
chdir(/home/wsz/42/fdf)
chdir(/home/wsz/.vim/plugged/nerdtree/lib/nerdtree)
chdir(/home/wsz/42/fdf)
line 5: sourcing "/home/wsz/.vim/plugged/nerdtree/lib/nerdtree/bookmark.vim"
finished sourcing /home/wsz/.vim/plugged/nerdtree/lib/nerdtree/bookmark.vim
continuing in function nerdtree#loadClassFiles
chdir(/home/wsz/42/fdf)
chdir(/home/wsz/.vim/plugged/nerdtree/lib/nerdtree)
chdir(/home/wsz/42/fdf)
line 6: sourcing "/home/wsz/.vim/plugged/nerdtree/lib/nerdtree/tree_file_node.vim"
finished sourcing /home/wsz/.vim/plugged/nerdtree/lib/nerdtree/tree_file_node.vim
continuing in function nerdtree#loadClassFiles
chdir(/home/wsz/42/fdf)
chdir(/home/wsz/.vim/plugged/nerdtree/lib/nerdtree)
chdir(/home/wsz/42/fdf)
line 7: sourcing "/home/wsz/.vim/plugged/nerdtree/lib/nerdtree/tree_dir_node.vim"
finished sourcing /home/wsz/.vim/plugged/nerdtree/lib/nerdtree/tree_dir_node.vim
continuing in function nerdtree#loadClassFiles
chdir(/home/wsz/42/fdf)
chdir(/home/wsz/.vim/plugged/nerdtree/lib/nerdtree)
chdir(/home/wsz/42/fdf)
line 8: sourcing "/home/wsz/.vim/plugged/nerdtree/lib/nerdtree/opener.vim"
finished sourcing /home/wsz/.vim/plugged/nerdtree/lib/nerdtree/opener.vim
continuing in function nerdtree#loadClassFiles
chdir(/home/wsz/42/fdf)
chdir(/home/wsz/.vim/plugged/nerdtree/lib/nerdtree)
chdir(/home/wsz/42/fdf)
line 9: sourcing "/home/wsz/.vim/plugged/nerdtree/lib/nerdtree/creator.vim"
finished sourcing /home/wsz/.vim/plugged/nerdtree/lib/nerdtree/creator.vim
continuing in function nerdtree#loadClassFiles
chdir(/home/wsz/42/fdf)
chdir(/home/wsz/.vim/plugged/nerdtree/lib/nerdtree)
chdir(/home/wsz/42/fdf)
line 10: sourcing "/home/wsz/.vim/plugged/nerdtree/lib/nerdtree/flag_set.vim"
finished sourcing /home/wsz/.vim/plugged/nerdtree/lib/nerdtree/flag_set.vim
continuing in function nerdtree#loadClassFiles
chdir(/home/wsz/42/fdf)
chdir(/home/wsz/.vim/plugged/nerdtree/lib/nerdtree)
chdir(/home/wsz/42/fdf)
line 11: sourcing "/home/wsz/.vim/plugged/nerdtree/lib/nerdtree/nerdtree.vim"
finished sourcing /home/wsz/.vim/plugged/nerdtree/lib/nerdtree/nerdtree.vim
continuing in function nerdtree#loadClassFiles
chdir(/home/wsz/42/fdf)
chdir(/home/wsz/.vim/plugged/nerdtree/lib/nerdtree)
chdir(/home/wsz/42/fdf)
line 12: sourcing "/home/wsz/.vim/plugged/nerdtree/lib/nerdtree/ui.vim"
finished sourcing /home/wsz/.vim/plugged/nerdtree/lib/nerdtree/ui.vim
continuing in function nerdtree#loadClassFiles
chdir(/home/wsz/42/fdf)
chdir(/home/wsz/.vim/plugged/nerdtree/lib/nerdtree)
chdir(/home/wsz/42/fdf)
line 13: sourcing "/home/wsz/.vim/plugged/nerdtree/lib/nerdtree/event.vim"
finished sourcing /home/wsz/.vim/plugged/nerdtree/lib/nerdtree/event.vim
continuing in function nerdtree#loadClassFiles
chdir(/home/wsz/42/fdf)
chdir(/home/wsz/.vim/plugged/nerdtree/lib/nerdtree)
chdir(/home/wsz/42/fdf)
line 14: sourcing "/home/wsz/.vim/plugged/nerdtree/lib/nerdtree/notifier.vim"
finished sourcing /home/wsz/.vim/plugged/nerdtree/lib/nerdtree/notifier.vim
continuing in function nerdtree#loadClassFiles
chdir(/home/wsz/42/fdf)
chdir(/home/wsz/.vim/plugged/nerdtree/autoload/nerdtree)
chdir(/home/wsz/42/fdf)
line 143: sourcing "/home/wsz/.vim/plugged/nerdtree/autoload/nerdtree/ui_glue.vim"
finished sourcing /home/wsz/.vim/plugged/nerdtree/autoload/nerdtree/ui_glue.vim
continuing in /home/wsz/.vim/plugged/nerdtree/plugin/NERD_tree.vim
chdir(/home/wsz/42/fdf)
chdir(/home/wsz/.vim/plugged/nerdtree/nerdtree_plugin)
chdir(/home/wsz/42/fdf)
line 5: sourcing "/home/wsz/.vim/plugged/nerdtree/nerdtree_plugin/exec_menuitem.vim"
finished sourcing /home/wsz/.vim/plugged/nerdtree/nerdtree_plugin/exec_menuitem.vim
continuing in function nerdtree#postSourceActions
chdir(/home/wsz/42/fdf)
chdir(/home/wsz/.vim/plugged/nerdtree/nerdtree_plugin)
chdir(/home/wsz/42/fdf)
line 5: sourcing "/home/wsz/.vim/plugged/nerdtree/nerdtree_plugin/fs_menu.vim"
chdir(/home/wsz/42/fdf)
chdir(/usr/share/nvim/runtime/autoload/provider)
chdir(/home/wsz/42/fdf)
line 44: sourcing "/usr/share/nvim/runtime/autoload/provider/clipboard.vim"
finished sourcing /usr/share/nvim/runtime/autoload/provider/clipboard.vim
continuing in /home/wsz/.vim/plugged/nerdtree/nerdtree_plugin/fs_menu.vim
finished sourcing /home/wsz/.vim/plugged/nerdtree/nerdtree_plugin/fs_menu.vim
continuing in function nerdtree#postSourceActions
chdir(/home/wsz/42/fdf)
chdir(/home/wsz/.vim/plugged/nerdtree/nerdtree_plugin)
chdir(/home/wsz/42/fdf)
line 5: sourcing "/home/wsz/.vim/plugged/nerdtree/nerdtree_plugin/vcs.vim"
finished sourcing /home/wsz/.vim/plugged/nerdtree/nerdtree_plugin/vcs.vim
continuing in function nerdtree#postSourceActions
not found in 'packpath': "pack/*/start/*/nerdtree_plugin/**/*.vim"
not found in 'packpath': "start/*/nerdtree_plugin/**/*.vim"
finished sourcing /home/wsz/.vim/plugged/nerdtree/plugin/NERD_tree.vim
chdir(/home/wsz/42/fdf)
chdir(/home/wsz/.vim/plugged/42header.vim/plugin)
chdir(/home/wsz/42/fdf)
sourcing "/home/wsz/.vim/plugged/42header.vim/plugin/42header.vim"
finished sourcing /home/wsz/.vim/plugged/42header.vim/plugin/42header.vim
chdir(/home/wsz/42/fdf)
chdir(/home/wsz/.vim/plugged/fzf.vim/plugin)
chdir(/home/wsz/42/fdf)
sourcing "/home/wsz/.vim/plugged/fzf.vim/plugin/fzf.vim"
finished sourcing /home/wsz/.vim/plugged/fzf.vim/plugin/fzf.vim
chdir(/home/wsz/42/fdf)
chdir(/home/wsz/.vim/plugged/vim-easy-align/plugin)
chdir(/home/wsz/42/fdf)
sourcing "/home/wsz/.vim/plugged/vim-easy-align/plugin/easy_align.vim"
finished sourcing /home/wsz/.vim/plugged/vim-easy-align/plugin/easy_align.vim
chdir(/home/wsz/42/fdf)
chdir(/home/wsz/.vim/plugged/undotree/plugin)
chdir(/home/wsz/42/fdf)
sourcing "/home/wsz/.vim/plugged/undotree/plugin/undotree.vim"
finished sourcing /home/wsz/.vim/plugged/undotree/plugin/undotree.vim
chdir(/home/wsz/42/fdf)
chdir(/home/wsz/.vim/plugged/vim-visual-multi/plugin)
chdir(/home/wsz/42/fdf)
sourcing "/home/wsz/.vim/plugged/vim-visual-multi/plugin/visual-multi.vim"
chdir(/home/wsz/42/fdf)
chdir(/home/wsz/.vim/plugged/vim-visual-multi/autoload/vm)
chdir(/home/wsz/42/fdf)
line 59: sourcing "/home/wsz/.vim/plugged/vim-visual-multi/autoload/vm/plugs.vim"
finished sourcing /home/wsz/.vim/plugged/vim-visual-multi/autoload/vm/plugs.vim
continuing in /home/wsz/.vim/plugged/vim-visual-multi/plugin/visual-multi.vim
chdir(/home/wsz/42/fdf)
chdir(/home/wsz/.vim/plugged/vim-visual-multi/autoload/vm)
chdir(/home/wsz/42/fdf)
line 60: sourcing "/home/wsz/.vim/plugged/vim-visual-multi/autoload/vm/maps.vim"
finished sourcing /home/wsz/.vim/plugged/vim-visual-multi/autoload/vm/maps.vim
continuing in /home/wsz/.vim/plugged/vim-visual-multi/plugin/visual-multi.vim
chdir(/home/wsz/42/fdf)
chdir(/home/wsz/.vim/plugged/vim-visual-multi/autoload/vm/maps)
chdir(/home/wsz/42/fdf)
line 13: sourcing "/home/wsz/.vim/plugged/vim-visual-multi/autoload/vm/maps/all.vim"
finished sourcing /home/wsz/.vim/plugged/vim-visual-multi/autoload/vm/maps/all.vim
continuing in function vm#maps#default[2]..<SNR>69_build_permanent_maps
finished sourcing /home/wsz/.vim/plugged/vim-visual-multi/plugin/visual-multi.vim
chdir(/home/wsz/42/fdf)
chdir(/home/wsz/.vim/plugged/vim-gitgutter/plugin)
chdir(/home/wsz/42/fdf)
sourcing "/home/wsz/.vim/plugged/vim-gitgutter/plugin/gitgutter.vim"
chdir(/home/wsz/42/fdf)
chdir(/home/wsz/.vim/plugged/vim-gitgutter/autoload/gitgutter)
chdir(/home/wsz/42/fdf)
line 52: sourcing "/home/wsz/.vim/plugged/vim-gitgutter/autoload/gitgutter/utility.vim"
finished sourcing /home/wsz/.vim/plugged/vim-gitgutter/autoload/gitgutter/utility.vim
continuing in /home/wsz/.vim/plugged/vim-gitgutter/plugin/gitgutter.vim
chdir(/home/wsz/42/fdf)
chdir(/home/wsz/.vim/plugged/vim-gitgutter/autoload/gitgutter)
chdir(/home/wsz/42/fdf)
line 95: sourcing "/home/wsz/.vim/plugged/vim-gitgutter/autoload/gitgutter/highlight.vim"
finished sourcing /home/wsz/.vim/plugged/vim-gitgutter/autoload/gitgutter/highlight.vim
continuing in /home/wsz/.vim/plugged/vim-gitgutter/plugin/gitgutter.vim
finished sourcing /home/wsz/.vim/plugged/vim-gitgutter/plugin/gitgutter.vim
chdir(/home/wsz/42/fdf)
chdir(/home/wsz/.vim/plugged/lessspace.vim/plugin)
chdir(/home/wsz/42/fdf)
sourcing "/home/wsz/.vim/plugged/lessspace.vim/plugin/lessspace.vim"
finished sourcing /home/wsz/.vim/plugged/lessspace.vim/plugin/lessspace.vim
chdir(/home/wsz/42/fdf)
chdir(/home/wsz/.vim/plugged/ack.vim/plugin)
chdir(/home/wsz/42/fdf)
sourcing "/home/wsz/.vim/plugged/ack.vim/plugin/ack.vim"
finished sourcing /home/wsz/.vim/plugged/ack.vim/plugin/ack.vim
chdir(/home/wsz/42/fdf)
chdir(/home/wsz/.vim/plugged/vim-relativize/plugin)
chdir(/home/wsz/42/fdf)
sourcing "/home/wsz/.vim/plugged/vim-relativize/plugin/relativize.vim"
finished sourcing /home/wsz/.vim/plugged/vim-relativize/plugin/relativize.vim
chdir(/home/wsz/42/fdf)
chdir(/home/wsz/.vim/plugged/colorizer/plugin)
chdir(/home/wsz/42/fdf)
sourcing "/home/wsz/.vim/plugged/colorizer/plugin/ColorizerPlugin.vim"
finished sourcing /home/wsz/.vim/plugged/colorizer/plugin/ColorizerPlugin.vim
chdir(/home/wsz/42/fdf)
chdir(/usr/share/nvim/runtime/plugin)
chdir(/home/wsz/42/fdf)
sourcing "/usr/share/nvim/runtime/plugin/gzip.vim"
finished sourcing /usr/share/nvim/runtime/plugin/gzip.vim
chdir(/home/wsz/42/fdf)
chdir(/usr/share/nvim/runtime/plugin)
chdir(/home/wsz/42/fdf)
sourcing "/usr/share/nvim/runtime/plugin/health.vim"
finished sourcing /usr/share/nvim/runtime/plugin/health.vim
chdir(/home/wsz/42/fdf)
chdir(/usr/share/nvim/runtime/plugin)
chdir(/home/wsz/42/fdf)
sourcing "/usr/share/nvim/runtime/plugin/man.vim"
finished sourcing /usr/share/nvim/runtime/plugin/man.vim
chdir(/home/wsz/42/fdf)
chdir(/usr/share/nvim/runtime/plugin)
chdir(/home/wsz/42/fdf)
sourcing "/usr/share/nvim/runtime/plugin/matchit.vim"
not found in 'packpath': "pack/*/start/matchit"
chdir(/home/wsz/42/fdf)
chdir(/usr/share/nvim/runtime)
chdir(/home/wsz/42/fdf)
chdir(/home/wsz/42/fdf)
chdir(/home/wsz/.vim)
chdir(/home/wsz/42/fdf)
chdir(/home/wsz/42/fdf)
chdir(/home/wsz/.vim/plugged/gruvbox)
chdir(/home/wsz/42/fdf)
chdir(/home/wsz/42/fdf)
chdir(/home/wsz/.vim/plugged/gruvbox-material)
chdir(/home/wsz/42/fdf)
chdir(/home/wsz/42/fdf)
chdir(/home/wsz/.vim/plugged/vim-airline)
chdir(/home/wsz/42/fdf)
chdir(/home/wsz/42/fdf)
chdir(/home/wsz/.vim/plugged/vim-airline-themes)
chdir(/home/wsz/42/fdf)
chdir(/home/wsz/42/fdf)
chdir(/home/wsz/.vim/plugged/coc.nvim)
chdir(/home/wsz/42/fdf)
chdir(/home/wsz/42/fdf)
chdir(/home/wsz/.vim/plugged/scnvim)
chdir(/home/wsz/42/fdf)
chdir(/home/wsz/42/fdf)
chdir(/home/wsz/.vim/plugged/vim-rainbow)
chdir(/home/wsz/42/fdf)
chdir(/home/wsz/42/fdf)
chdir(/home/wsz/.vim/plugged/nerdcommenter)
chdir(/home/wsz/42/fdf)
chdir(/home/wsz/42/fdf)
chdir(/home/wsz/.vim/plugged/nerdtree)
chdir(/home/wsz/42/fdf)
chdir(/home/wsz/42/fdf)
chdir(/home/wsz/.vim/plugged/42header.vim)
chdir(/home/wsz/42/fdf)
chdir(/home/wsz/42/fdf)
chdir(/home/wsz/.vim/plugged/fzf.vim)
chdir(/home/wsz/42/fdf)
chdir(/home/wsz/42/fdf)
chdir(/home/wsz/.vim/plugged/vim-easy-align)
chdir(/home/wsz/42/fdf)
chdir(/home/wsz/42/fdf)
chdir(/home/wsz/.vim/plugged/undotree)
chdir(/home/wsz/42/fdf)
chdir(/home/wsz/42/fdf)
chdir(/home/wsz/.vim/plugged/vim-visual-multi)
chdir(/home/wsz/42/fdf)
chdir(/home/wsz/42/fdf)
chdir(/home/wsz/.vim/plugged/vim-gitgutter)
chdir(/home/wsz/42/fdf)
chdir(/home/wsz/42/fdf)
chdir(/home/wsz/.vim/plugged/lessspace.vim)
chdir(/home/wsz/42/fdf)
chdir(/home/wsz/42/fdf)
chdir(/home/wsz/.vim/plugged/ack.vim)
chdir(/home/wsz/42/fdf)
chdir(/home/wsz/42/fdf)
chdir(/home/wsz/.vim/plugged/vim-relativize)
chdir(/home/wsz/42/fdf)
chdir(/home/wsz/42/fdf)
chdir(/home/wsz/.vim/plugged/colorizer)
chdir(/home/wsz/42/fdf)
chdir(/home/wsz/42/fdf)
chdir(/home/wsz/.vim/plugged/vim-smooth-scroll)
chdir(/home/wsz/42/fdf)
chdir(/home/wsz/42/fdf)
chdir(/home/wsz/.config/nvim)
chdir(/home/wsz/42/fdf)
chdir(/home/wsz/42/fdf)
chdir(/etc/xdg/nvim)
chdir(/home/wsz/42/fdf)
chdir(/home/wsz/42/fdf)
chdir(/home/wsz/.local/share/nvim/site)
chdir(/home/wsz/42/fdf)
chdir(/home/wsz/42/fdf)
chdir(/usr/local/share/nvim/site)
chdir(/home/wsz/42/fdf)
chdir(/home/wsz/42/fdf)
chdir(/usr/share/nvim/site)
chdir(/home/wsz/42/fdf)
chdir(/home/wsz/42/fdf)
chdir(/usr/share/nvim/runtime)
chdir(/home/wsz/42/fdf)
chdir(/home/wsz/42/fdf)
chdir(/usr/share/nvim/runtime/pack/dist/opt)
chdir(/home/wsz/42/fdf)
chdir(/home/wsz/42/fdf)
chdir(/usr/share/nvim/runtime/pack/dist/opt/matchit/plugin)
chdir(/home/wsz/42/fdf)
line 3: sourcing "/usr/share/nvim/runtime/pack/dist/opt/matchit/plugin/matchit.vim"
finished sourcing /usr/share/nvim/runtime/pack/dist/opt/matchit/plugin/matchit.vim
continuing in /usr/share/nvim/runtime/plugin/matchit.vim
finished sourcing /usr/share/nvim/runtime/plugin/matchit.vim
chdir(/home/wsz/42/fdf)
chdir(/usr/share/nvim/runtime/plugin)
chdir(/home/wsz/42/fdf)
sourcing "/usr/share/nvim/runtime/plugin/matchparen.vim"
finished sourcing /usr/share/nvim/runtime/plugin/matchparen.vim
chdir(/home/wsz/42/fdf)
chdir(/usr/share/nvim/runtime/plugin)
chdir(/home/wsz/42/fdf)
sourcing "/usr/share/nvim/runtime/plugin/netrwPlugin.vim"
finished sourcing /usr/share/nvim/runtime/plugin/netrwPlugin.vim
chdir(/home/wsz/42/fdf)
chdir(/usr/share/nvim/runtime/plugin)
chdir(/home/wsz/42/fdf)
sourcing "/usr/share/nvim/runtime/plugin/rplugin.vim"
finished sourcing /usr/share/nvim/runtime/plugin/rplugin.vim
chdir(/home/wsz/42/fdf)
chdir(/usr/share/nvim/runtime/plugin)
chdir(/home/wsz/42/fdf)
sourcing "/usr/share/nvim/runtime/plugin/shada.vim"
finished sourcing /usr/share/nvim/runtime/plugin/shada.vim
chdir(/home/wsz/42/fdf)
chdir(/usr/share/nvim/runtime/plugin)
chdir(/home/wsz/42/fdf)
sourcing "/usr/share/nvim/runtime/plugin/spellfile.vim"
finished sourcing /usr/share/nvim/runtime/plugin/spellfile.vim
chdir(/home/wsz/42/fdf)
chdir(/usr/share/nvim/runtime/plugin)
chdir(/home/wsz/42/fdf)
sourcing "/usr/share/nvim/runtime/plugin/tarPlugin.vim"
finished sourcing /usr/share/nvim/runtime/plugin/tarPlugin.vim
chdir(/home/wsz/42/fdf)
chdir(/usr/share/nvim/runtime/plugin)
chdir(/home/wsz/42/fdf)
sourcing "/usr/share/nvim/runtime/plugin/tohtml.vim"
finished sourcing /usr/share/nvim/runtime/plugin/tohtml.vim
chdir(/home/wsz/42/fdf)
chdir(/usr/share/nvim/runtime/plugin)
chdir(/home/wsz/42/fdf)
sourcing "/usr/share/nvim/runtime/plugin/tutor.vim"
finished sourcing /usr/share/nvim/runtime/plugin/tutor.vim
chdir(/home/wsz/42/fdf)
chdir(/usr/share/nvim/runtime/plugin)
chdir(/home/wsz/42/fdf)
sourcing "/usr/share/nvim/runtime/plugin/zipPlugin.vim"
finished sourcing /usr/share/nvim/runtime/plugin/zipPlugin.vim
chdir(/home/wsz/42/fdf)
chdir(/usr/share/vim/vimfiles/plugin)
chdir(/home/wsz/42/fdf)
sourcing "/usr/share/vim/vimfiles/plugin/fzf.vim"
finished sourcing /usr/share/vim/vimfiles/plugin/fzf.vim
chdir(/home/wsz/42/fdf)
chdir(/usr/share/vim/vimfiles/plugin)
chdir(/home/wsz/42/fdf)
sourcing "/usr/share/vim/vimfiles/plugin/redact_pass.vim"
finished sourcing /usr/share/vim/vimfiles/plugin/redact_pass.vim
not found in 'packpath': "plugin/**/*.lua"
not found in 'packpath': "pack/*/start/*"
not found in 'packpath': "start/*"
chdir(/home/wsz/42/fdf)
chdir(/home/wsz/.vim/plugged/42header.vim/after/plugin)
chdir(/home/wsz/42/fdf)
sourcing "/home/wsz/.vim/plugged/42header.vim/after/plugin/stdheader.vim"
finished sourcing /home/wsz/.vim/plugged/42header.vim/after/plugin/stdheader.vim
not found in 'packpath': "pack/*/start/*/plugin/**/*.vim"
not found in 'packpath': "start/*/plugin/**/*.vim"
not found in 'runtimepath': "plugin/**/*.lua"
not found in 'packpath': "pack/*/start/*/plugin/**/*.lua"
not found in 'packpath': "start/*/plugin/**/*.lua"
Reading ShaDa file "/home/wsz/.local/share/nvim/shada/main.shada" info marks oldfiles
Executing BufWinEnter Autocommands for "*"
autocommand call <sid>on_window_changed('BufWinEnter')

chdir(/home/wsz/42/fdf)
chdir(/home/wsz/.vim/plugged/vim-airline/autoload/airline)
chdir(/home/wsz/42/fdf)
line 6: sourcing "/home/wsz/.vim/plugged/vim-airline/autoload/airline/extensions.vim"
finished sourcing /home/wsz/.vim/plugged/vim-airline/autoload/airline/extensions.vim
continuing in function <SNR>29_on_window_changed[22]..<SNR>29_init
chdir(/home/wsz/42/fdf)
chdir(/home/wsz/.vim/plugged/vim-airline/autoload/airline/extensions)
chdir(/home/wsz/42/fdf)
line 16: sourcing "/home/wsz/.vim/plugged/vim-airline/autoload/airline/extensions/quickfix.vim"
finished sourcing /home/wsz/.vim/plugged/vim-airline/autoload/airline/extensions/quickfix.vim
continuing in function <SNR>29_on_window_changed[22]..<SNR>29_init[6]..airline#extensions#load
chdir(/home/wsz/42/fdf)
chdir(/home/wsz/.vim/plugged/vim-airline/autoload)
chdir(/home/wsz/42/fdf)
line 1: sourcing "/home/wsz/.vim/plugged/vim-airline/autoload/airline.vim"
finished sourcing /home/wsz/.vim/plugged/vim-airline/autoload/airline.vim
continuing in function <SNR>29_on_window_changed[22]..<SNR>29_init[6]..airline#extensions#load[16]..airline#extensions#quickfix#init[1]..279
chdir(/home/wsz/42/fdf)
chdir(/home/wsz/.vim/plugged/vim-airline/autoload/airline/extensions)
chdir(/home/wsz/42/fdf)
line 40: sourcing "/home/wsz/.vim/plugged/vim-airline/autoload/airline/extensions/netrw.vim"
finished sourcing /home/wsz/.vim/plugged/vim-airline/autoload/airline/extensions/netrw.vim
continuing in function <SNR>29_on_window_changed[22]..<SNR>29_init[6]..airline#extensions#load
chdir(/home/wsz/42/fdf)
chdir(/home/wsz/.vim/plugged/vim-airline/autoload/airline/extensions)
chdir(/home/wsz/42/fdf)
line 46: sourcing "/home/wsz/.vim/plugged/vim-airline/autoload/airline/extensions/fzf.vim"
finished sourcing /home/wsz/.vim/plugged/vim-airline/autoload/airline/extensions/fzf.vim
continuing in function <SNR>29_on_window_changed[22]..<SNR>29_init[6]..airline#extensions#load
chdir(/home/wsz/42/fdf)
chdir(/home/wsz/.vim/plugged/vim-airline/autoload/airline/extensions)
chdir(/home/wsz/42/fdf)
line 58: sourcing "/home/wsz/.vim/plugged/vim-airline/autoload/airline/extensions/term.vim"
chdir(/home/wsz/42/fdf)
chdir(/home/wsz/.vim/plugged/vim-airline/autoload/airline)
chdir(/home/wsz/42/fdf)
line 11: sourcing "/home/wsz/.vim/plugged/vim-airline/autoload/airline/section.vim"
finished sourcing /home/wsz/.vim/plugged/vim-airline/autoload/airline/section.vim
continuing in /home/wsz/.vim/plugged/vim-airline/autoload/airline/extensions/term.vim
chdir(/home/wsz/42/fdf)
chdir(/home/wsz/.vim/plugged/vim-airline/autoload/airline)
chdir(/home/wsz/42/fdf)
line 2: sourcing "/home/wsz/.vim/plugged/vim-airline/autoload/airline/highlighter.vim"
finished sourcing /home/wsz/.vim/plugged/vim-airline/autoload/airline/highlighter.vim
continuing in function airline#section#create_left[1]..<SNR>101_create[51]..<SNR>101_wrap_accent
finished sourcing /home/wsz/.vim/plugged/vim-airline/autoload/airline/extensions/term.vim
continuing in function <SNR>29_on_window_changed[22]..<SNR>29_init[6]..airline#extensions#load
chdir(/home/wsz/42/fdf)
chdir(/home/wsz/.vim/plugged/vim-airline/autoload/airline/extensions)
chdir(/home/wsz/42/fdf)
line 92: sourcing "/home/wsz/.vim/plugged/vim-airline/autoload/airline/extensions/undotree.vim"
finished sourcing /home/wsz/.vim/plugged/vim-airline/autoload/airline/extensions/undotree.vim
continuing in function <SNR>29_on_window_changed[22]..<SNR>29_init[6]..airline#extensions#load
chdir(/home/wsz/42/fdf)
chdir(/home/wsz/.vim/plugged/vim-airline/autoload/airline/extensions)
chdir(/home/wsz/42/fdf)
line 102: sourcing "/home/wsz/.vim/plugged/vim-airline/autoload/airline/extensions/hunks.vim"
finished sourcing /home/wsz/.vim/plugged/vim-airline/autoload/airline/extensions/hunks.vim
continuing in function <SNR>29_on_window_changed[22]..<SNR>29_init[6]..airline#extensions#load
chdir(/home/wsz/42/fdf)
chdir(/home/wsz/.vim/plugged/vim-airline/autoload/airline/extensions)
chdir(/home/wsz/42/fdf)
line 213: sourcing "/home/wsz/.vim/plugged/vim-airline/autoload/airline/extensions/nvimlsp.vim"
finished sourcing /home/wsz/.vim/plugged/vim-airline/autoload/airline/extensions/nvimlsp.vim
continuing in function <SNR>29_on_window_changed[22]..<SNR>29_init[6]..airline#extensions#load
chdir(/home/wsz/42/fdf)
chdir(/home/wsz/.vim/plugged/vim-airline/autoload/airline/extensions)
chdir(/home/wsz/42/fdf)
line 218: sourcing "/home/wsz/.vim/plugged/vim-airline/autoload/airline/extensions/coc.vim"
finished sourcing /home/wsz/.vim/plugged/vim-airline/autoload/airline/extensions/coc.vim
continuing in function <SNR>29_on_window_changed[22]..<SNR>29_init[6]..airline#extensions#load
chdir(/home/wsz/42/fdf)
chdir(/home/wsz/.vim/plugged/vim-airline/autoload/airline/extensions)
chdir(/home/wsz/42/fdf)
line 228: sourcing "/home/wsz/.vim/plugged/vim-airline/autoload/airline/extensions/whitespace.vim"
finished sourcing /home/wsz/.vim/plugged/vim-airline/autoload/airline/extensions/whitespace.vim
continuing in function <SNR>29_on_window_changed[22]..<SNR>29_init[6]..airline#extensions#load
chdir(/home/wsz/42/fdf)
chdir(/home/wsz/.vim/plugged/vim-airline/autoload/airline/extensions)
chdir(/home/wsz/42/fdf)
line 238: sourcing "/home/wsz/.vim/plugged/vim-airline/autoload/airline/extensions/po.vim"
finished sourcing /home/wsz/.vim/plugged/vim-airline/autoload/airline/extensions/po.vim
continuing in function <SNR>29_on_window_changed[22]..<SNR>29_init[6]..airline#extensions#load
chdir(/home/wsz/42/fdf)
chdir(/home/wsz/.vim/plugged/vim-airline/autoload/airline/extensions)
chdir(/home/wsz/42/fdf)
line 243: sourcing "/home/wsz/.vim/plugged/vim-airline/autoload/airline/extensions/wordcount.vim"
finished sourcing /home/wsz/.vim/plugged/vim-airline/autoload/airline/extensions/wordcount.vim
continuing in function <SNR>29_on_window_changed[22]..<SNR>29_init[6]..airline#extensions#load
chdir(/home/wsz/42/fdf)
chdir(/home/wsz/.vim/plugged/vim-airline/autoload/airline/extensions)
chdir(/home/wsz/42/fdf)
line 248: sourcing "/home/wsz/.vim/plugged/vim-airline/autoload/airline/extensions/tabline.vim"
finished sourcing /home/wsz/.vim/plugged/vim-airline/autoload/airline/extensions/tabline.vim
continuing in function <SNR>29_on_window_changed[22]..<SNR>29_init[6]..airline#extensions#load
chdir(/home/wsz/42/fdf)
chdir(/home/wsz/.vim/plugged/vim-airline/autoload/airline/extensions/tabline)
chdir(/home/wsz/42/fdf)
line 6: sourcing "/home/wsz/.vim/plugged/vim-airline/autoload/airline/extensions/tabline/autoshow.vim"
finished sourcing /home/wsz/.vim/plugged/vim-airline/autoload/airline/extensions/tabline/autoshow.vim
continuing in function <SNR>29_on_window_changed[22]..<SNR>29_init[6]..airline#extensions#load[248]..airline#extensions#tabline#init[8]..<SNR>110_toggle_on
chdir(/home/wsz/42/fdf)
chdir(/home/wsz/.vim/plugged/vim-airline/autoload/airline/extensions/tabline)
chdir(/home/wsz/42/fdf)
line 7: sourcing "/home/wsz/.vim/plugged/vim-airline/autoload/airline/extensions/tabline/tabs.vim"
finished sourcing /home/wsz/.vim/plugged/vim-airline/autoload/airline/extensions/tabline/tabs.vim
continuing in function <SNR>29_on_window_changed[22]..<SNR>29_init[6]..airline#extensions#load[248]..airline#extensions#tabline#init[8]..<SNR>110_toggle_on
chdir(/home/wsz/42/fdf)
chdir(/home/wsz/.vim/plugged/vim-airline/autoload/airline/extensions/tabline)
chdir(/home/wsz/42/fdf)
line 8: sourcing "/home/wsz/.vim/plugged/vim-airline/autoload/airline/extensions/tabline/buffers.vim"
finished sourcing /home/wsz/.vim/plugged/vim-airline/autoload/airline/extensions/tabline/buffers.vim
continuing in function <SNR>29_on_window_changed[22]..<SNR>29_init[6]..airline#extensions#load[248]..airline#extensions#tabline#init[8]..<SNR>110_toggle_on
chdir(/home/wsz/42/fdf)
chdir(/home/wsz/.vim/plugged/vim-airline/autoload/airline/extensions)
chdir(/home/wsz/42/fdf)
line 298: sourcing "/home/wsz/.vim/plugged/vim-airline/autoload/airline/extensions/keymap.vim"
finished sourcing /home/wsz/.vim/plugged/vim-airline/autoload/airline/extensions/keymap.vim
continuing in function <SNR>29_on_window_changed[22]..<SNR>29_init[6]..airline#extensions#load
not found in 'runtimepath': "autoload/vimtex.vim"
not found in 'packpath': "pack/*/start/*/autoload/vimtex.vim"
not found in 'packpath': "start/*/autoload/vimtex.vim"
chdir(/home/wsz/42/fdf)
chdir(/home/wsz/.vim/plugged/vim-airline/autoload/airline/extensions)
chdir(/home/wsz/42/fdf)
line 326: sourcing "/home/wsz/.vim/plugged/vim-airline/autoload/airline/extensions/searchcount.vim"
finished sourcing /home/wsz/.vim/plugged/vim-airline/autoload/airline/extensions/searchcount.vim
continuing in function <SNR>29_on_window_changed[22]..<SNR>29_init[6]..airline#extensions#load
chdir(/home/wsz/42/fdf)
chdir(/home/wsz/.vim/plugged/gruvbox-material/autoload/airline/themes)
chdir(/home/wsz/42/fdf)
line 14: sourcing "/home/wsz/.vim/plugged/gruvbox-material/autoload/airline/themes/gruvbox_material.vim"
chdir(/home/wsz/42/fdf)
chdir(/home/wsz/.vim/plugged/vim-airline/autoload/airline)
chdir(/home/wsz/42/fdf)
line 255: sourcing "/home/wsz/.vim/plugged/vim-airline/autoload/airline/themes.vim"
finished sourcing /home/wsz/.vim/plugged/vim-airline/autoload/airline/themes.vim
continuing in /home/wsz/.vim/plugged/gruvbox-material/autoload/airline/themes/gruvbox_material.vim
finished sourcing /home/wsz/.vim/plugged/gruvbox-material/autoload/airline/themes/gruvbox_material.vim
continuing in function <SNR>29_on_window_changed[22]..<SNR>29_init[29]..<SNR>29_on_colorscheme_changed[5]..airline#switch_matching_theme[5]..airline#switch_theme
airline: group: airline_error_red already done, skipping
airline: group: airline_warning_red already done, skipping
chdir(/home/wsz/42/fdf)
chdir(/home/wsz/.vim/plugged/vim-airline/autoload/airline)
chdir(/home/wsz/42/fdf)
line 1: sourcing "/home/wsz/.vim/plugged/vim-airline/autoload/airline/builder.vim"
finished sourcing /home/wsz/.vim/plugged/vim-airline/autoload/airline/builder.vim
continuing in function <SNR>29_on_window_changed[22]..<SNR>29_init[29]..<SNR>29_on_colorscheme_changed[5]..airline#switch_matching_theme[5]..airline#switch_theme[35]..airline#load_theme[16]..airline#update_statusline[14]..<SNR>97_invoke_funcrefs
chdir(/home/wsz/42/fdf)
chdir(/home/wsz/.vim/plugged/vim-airline/autoload/airline/extensions)
chdir(/home/wsz/42/fdf)
line 2: sourcing "/home/wsz/.vim/plugged/vim-airline/autoload/airline/extensions/default.vim"
finished sourcing /home/wsz/.vim/plugged/vim-airline/autoload/airline/extensions/default.vim
continuing in function <SNR>29_on_window_changed[22]..<SNR>29_init[29]..<SNR>29_on_colorscheme_changed[5]..airline#switch_matching_theme[5]..airline#switch_theme[35]..airline#load_theme[16]..airline#update_statusline[14]..<SNR>97_invoke_funcrefs[2]..airline#util#exec_funcrefs
airline: group: airline_error_red already done, skipping
airline: group: airline_warning_red already done, skipping
Executing User Autocommands for "AirlineModeChanged"
autocommand call airline#mode_changed()

airline: group: airline_error_red already done, skipping
airline: group: airline_warning_red already done, skipping
Executing BufWinEnter Autocommands for "*"
autocommand call s:Autocmd('BufWinEnter', +expand('<abuf>'), win_getid())

Executing BufWinEnter Autocommands for "*"
autocommand let g:fzf#vim#buffers[bufnr('')] = reltimefloat(reltime())

Executing BufWinEnter Autocommands for "*"
autocommand call s:set_numbers(1)

Executing BufEnter Autocommands for "*"
autocommand if (winnr("$") == 1 && exists("b:NERDTree") && b:NERDTree.isTabTree()) | q | endif

Executing BufEnter Autocommands for "*"
autocommand call s:Autocmd('BufEnter', +expand('<abuf>'))

Executing BufEnter Autocommands for "*"
autocommand call nerdtree#checkForBrowse(expand('<amatch>'))

Executing BufEnter Autocommands for "*"
autocommand call s:on_bufenter()

chdir(/home/wsz/42/fdf)
chdir(/home/wsz/.vim/plugged/vim-gitgutter/autoload)
chdir(/home/wsz/42/fdf)
line 1: sourcing "/home/wsz/.vim/plugged/vim-gitgutter/autoload/gitgutter.vim"
finished sourcing /home/wsz/.vim/plugged/vim-gitgutter/autoload/gitgutter.vim
continuing in function <SNR>71_on_bufenter
Executing BufEnter Autocommands for "*"
autocommand :if mode() == 'i' | call lessspace#OnInsertEnter() | endif

Executing BufEnter Autocommands for "*"
autocommand sil call s:LocalBrowse(expand("<amatch>"))

Executing VimEnter Autocommands for "*"
autocommand if argc() == 0 && !exists("s:std_in") | NERDTree | endif

chdir(/home/wsz/42/fdf)
chdir(/home/wsz/42/fdf)
chdir(/home/wsz/42/fdf)
Reading ShaDa file "/home/wsz/.local/share/nvim/shada/main.shada" marks
Executing BufDelete Autocommands for "*"
autocommand silent! call remove(g:fzf#vim#buffers, expand('<abuf>'))

Error detected while processing BufDelete Autocommands for "*":
E716: Key not present in Dictionary: "2"
Executing BufDelete Autocommands for "*"
autocommand call airline#extensions#tabline#tabs#invalidate()

Executing BufDelete Autocommands for "*"
autocommand call airline#extensions#tabline#buflist#clean()

chdir(/home/wsz/42/fdf)
chdir(/home/wsz/.vim/plugged/vim-airline/autoload/airline/extensions/tabline)
chdir(/home/wsz/42/fdf)
line 0: sourcing "/home/wsz/.vim/plugged/vim-airline/autoload/airline/extensions/tabline/buflist.vim"
finished sourcing /home/wsz/.vim/plugged/vim-airline/autoload/airline/extensions/tabline/buflist.vim
continuing in BufDelete Autocommands for "*"
Executing FileType Autocommands for "*"
autocommand exe "set syntax=" . expand("<amatch>")

Executing Syntax Autocommands for "*"
autocommand syntax sync minlines=2000

Executing Syntax Autocommands for "*"
autocommand call s:SynSet()

chdir(/home/wsz/42/fdf)
chdir(/home/wsz/.vim/plugged/nerdtree/syntax)
chdir(/home/wsz/42/fdf)
line 25: sourcing "/home/wsz/.vim/plugged/nerdtree/syntax/nerdtree.vim"
finished sourcing /home/wsz/.vim/plugged/nerdtree/syntax/nerdtree.vim
continuing in function <SNR>9_SynSet
not found in 'packpath': "pack/*/start/*/syntax/nerdtree.vim syntax/nerdtree/*.vim"
not found in 'packpath': "start/*/syntax/nerdtree.vim syntax/nerdtree/*.vim"
not found in 'runtimepath': "syntax/nerdtree.lua syntax/nerdtree/*.lua"
not found in 'packpath': "pack/*/start/*/syntax/nerdtree.lua syntax/nerdtree/*.lua"
not found in 'packpath': "start/*/syntax/nerdtree.lua syntax/nerdtree/*.lua"
Executing FileType Autocommands for "*"
autocommand call s:LoadIndent()

not found in 'runtimepath': "indent/nerdtree.vim"
not found in 'packpath': "pack/*/start/*/indent/nerdtree.vim"
not found in 'packpath': "start/*/indent/nerdtree.vim"
not found in 'runtimepath': "indent/nerdtree.lua"
not found in 'packpath': "pack/*/start/*/indent/nerdtree.lua"
not found in 'packpath': "start/*/indent/nerdtree.lua"
Executing FileType Autocommands for "*"
autocommand call s:LoadFTPlugin()

not found in 'runtimepath': "ftplugin/nerdtree.vim ftplugin/nerdtree_*.vim ftplugin/nerdtree/*.vim"
not found in 'packpath': "pack/*/start/*/ftplugin/nerdtree.vim ftplugin/nerdtree_*.vim ftplugin/nerdtree/*.vim"
not found in 'packpath': "start/*/ftplugin/nerdtree.vim ftplugin/nerdtree_*.vim ftplugin/nerdtree/*.vim"
not found in 'runtimepath': "ftplugin/nerdtree.lua ftplugin/nerdtree_*.lua ftplugin/nerdtree/*.lua"
not found in 'packpath': "pack/*/start/*/ftplugin/nerdtree.lua ftplugin/nerdtree_*.lua ftplugin/nerdtree/*.lua"
not found in 'packpath': "start/*/ftplugin/nerdtree.lua ftplugin/nerdtree_*.lua ftplugin/nerdtree/*.lua"
Executing FileType Autocommands for "*"
autocommand call <sid>on_window_changed('FileType')

Executing FileType Autocommands for "*"
autocommand call s:Autocmd('FileType', expand('<amatch>'), +expand('<abuf>'))

chdir(/home/wsz/42/fdf)
chdir(/home/wsz/.vim/plugged/vim-airline/autoload/airline/extensions/tabline)
chdir(/home/wsz/42/fdf)
line 9: sourcing "/home/wsz/.vim/plugged/vim-airline/autoload/airline/extensions/tabline/ctrlspace.vim"
finished sourcing /home/wsz/.vim/plugged/vim-airline/autoload/airline/extensions/tabline/ctrlspace.vim
continuing in function 187[2]..188[20]..191[8]..155[25]..153[24]..nerdtree#echo[1]..airline#extensions#tabline#get
chdir(/home/wsz/42/fdf)
chdir(/home/wsz/.vim/plugged/vim-airline/autoload/airline/extensions/tabline)
chdir(/home/wsz/42/fdf)
line 10: sourcing "/home/wsz/.vim/plugged/vim-airline/autoload/airline/extensions/tabline/tabws.vim"
finished sourcing /home/wsz/.vim/plugged/vim-airline/autoload/airline/extensions/tabline/tabws.vim
continuing in function 187[2]..188[20]..191[8]..155[25]..153[24]..nerdtree#echo[1]..airline#extensions#tabline#get
chdir(/home/wsz/42/fdf)
chdir(/home/wsz/.vim/plugged/vim-airline/autoload/airline/extensions/tabline)
chdir(/home/wsz/42/fdf)
line 15: sourcing "/home/wsz/.vim/plugged/vim-airline/autoload/airline/extensions/tabline/builder.vim"
finished sourcing /home/wsz/.vim/plugged/vim-airline/autoload/airline/extensions/tabline/builder.vim
continuing in function 187[2]..188[20]..191[8]..155[25]..153[24]..nerdtree#echo[1]..airline#extensions#tabline#get[24]..airline#extensions#tabline#buffers#get[13]..airline#extensions#tabline#new_builder
chdir(/home/wsz/42/fdf)
chdir(/home/wsz/.vim/plugged/vim-airline/autoload/airline/extensions/tabline/formatters)
chdir(/home/wsz/42/fdf)
line 3: sourcing "/home/wsz/.vim/plugged/vim-airline/autoload/airline/extensions/tabline/formatters/default.vim"
finished sourcing /home/wsz/.vim/plugged/vim-airline/autoload/airline/extensions/tabline/formatters/default.vim
continuing in function 187[2]..188[20]..191[8]..155[25]..153[24]..nerdtree#echo[1]..airline#extensions#tabline#get[24]..airline#extensions#tabline#buffers#get[96]..293[38]..292[2]..<SNR>125_tabline_evaluated_length[1]..<SNR>125_evaluate_tabline[2]..airline#extensions#tabline#get_buffer_name
airline: group: airline_error_red already done, skipping
airline: group: airline_warning_red already done, skipping
Executing User Autocommands for "AirlineModeChanged"
autocommand call airline#mode_changed()

Executing User Autocommands for "AirlineModeChanged"
autocommand call airline#mode_changed()


9 more lines
autocommand wincmd p

Executing VimEnter Autocommands for "*"
autocommand call <sid>on_window_changed('VimEnter')

Executing VimEnter Autocommands for "*"
autocommand call coc#rpc#notify('VimEnter', [])

Executing VimEnter Autocommands for "*"
autocommand silent! autocmd! FileExplorer

autocommand call nerdtree#checkForBrowse(expand('<amatch>'))

Executing VimEnter Autocommands for "*"
autocommand call s:vm_registers()

Executing VimEnter Autocommands for "*"
autocommand if winnr() != winnr('$') | call gitgutter#all(0) | endif

Executing User Autocommands for "AirlineModeChanged"
autocommand call airline#mode_changed()

airline: group: airline_error_red already done, skipping
airline: group: airline_warning_red already done, skipping
Executing User Autocommands for "AirlineModeChanged"
autocommand call airline#mode_changed()

chdir(/home/wsz/42/fdf)
chdir(/home/wsz/.vim/plugged/vim-gitgutter/autoload/gitgutter)
chdir(/home/wsz/42/fdf)
line 1: sourcing "/home/wsz/.vim/plugged/vim-gitgutter/autoload/gitgutter/hunk.vim"
finished sourcing /home/wsz/.vim/plugged/vim-gitgutter/autoload/gitgutter/hunk.vim
continuing in function airline#extensions#hunks#get_hunks[15]..airline#extensions#hunks#get_raw_hunks[16]..<SNR>104_get_hunks_gitgutter[4]..GitGutterGetHunkSummary

--- Terminal info --- {{{
&term: xterm-kitty
Description: KovIdTTY
Aliases: xterm-kitty
Boolean capabilities:
  auto_left_margin          bw         = false
  auto_right_margin         am         = true
  no_esc_ctlc               xsb        = false
  ceol_standout_glitch      xhp        = false
  eat_newline_glitch        xenl       = true
  erase_overstrike          eo         = false
  generic_type              gn         = false
  hard_copy                 hc         = false
  has_meta_key              km         = true
  has_status_line           hs         = true
  insert_null_glitch        in         = false
  memory_above              da         = false
  memory_below              db         = false
  move_insert_mode          mir        = true
  move_standout_mode        msgr       = true
  over_strike               os         = false
  status_line_esc_ok        eslok      = false
  dest_tabs_magic_smso      xt         = false
  tilde_glitch              hz         = false
  transparent_underline     ul         = false
  xon_xoff                  xon        = false
  needs_xon_xoff            nxon       = false
  prtr_silent               mc5i       = true
  hard_cursor               chts       = false
  non_rev_rmcup             nrrmc      = false
  no_pad_char               npc        = true
  non_dest_scroll_region    ndscr      = false
  can_change                ccc        = true
  back_color_erase          bce        = false
  hue_lightness_saturation  hls        = false
  col_addr_glitch           xhpa       = false
  cr_cancels_micro_mode     crxm       = false
  has_print_wheel           daisy      = false
  row_addr_glitch           xvpa       = false
  semi_auto_right_margin    sam        = false
  cpi_changes_res           cpix       = false
  lpi_changes_res           lpix       = false
  backspaces_with_bs        OTbs       = false
  crt_no_scrolling          OTns       = false
  no_correctly_working_cr   OTnc       = false
  gnu_has_meta_key          OTMT       = false
  linefeed_is_newline       OTNL       = false
  has_hardware_tabs         OTpt       = false
  return_does_clr_eol       OTxr       = false
Numeric capabilities:
  columns                   cols       = 80
  init_tabs                 it         = 8
  lines                     lines      = 24
  lines_of_memory           lm         = -1
  magic_cookie_glitch       xmc        = -1
  padding_baud_rate         pb         = -1
  virtual_terminal          vt         = -1
  width_status_line         wsl        = -1
  num_labels                nlab       = -1
  label_height              lh         = -1
  label_width               lw         = -1
  max_attributes            ma         = -1
  maximum_windows           wnum       = -1
  max_colors                colors     = 256
  max_pairs                 pairs      = 32767
  no_color_video            ncv        = -1
  buffer_capacity           bufsz      = -1
  dot_vert_spacing          spinv      = -1
  dot_horz_spacing          spinh      = -1
  max_micro_address         maddr      = -1
  max_micro_jump            mjump      = -1
  micro_col_size            mcs        = -1
  micro_line_size           mls        = -1
  number_of_pins            npins      = -1
  output_res_char           orc        = -1
  output_res_line           orl        = -1
  output_res_horz_inch      orhi       = -1
  output_res_vert_inch      orvi       = -1
  print_rate                cps        = -1
  wide_char_size            widcs      = -1
  buttons                   btns       = -1
  bit_image_entwining       bitwin     = -1
  bit_image_type            bitype     = -1
  magic_cookie_glitch_ul    OTug       = -1
  carriage_return_delay     OTdC       = -1
  new_line_delay            OTdN       = -1
  backspace_delay           OTdB       = -1
  horizontal_tab_delay      OTdT       = -1
  number_of_function_keys   OTkn       = -1
String capabilities:
  back_tab                  cbt        = <Esc>[Z
  bell                      bel        = <C-G>
  carriage_return           cr         = <CR>
  change_scroll_region      csr        = <Esc>[%i%p1%d;%p2%dr
  clear_all_tabs            tbc        = <Esc>[3g
  clear_screen              clear      = <Esc>[H<Esc>[2J
  clr_eol                   el         = <Esc>[K
  clr_eos                   ed         = <Esc>[J
  column_address            hpa        = <Esc>[%i%p1%dG
  cursor_address            cup        = <Esc>[%i%p1%d;%p2%dH
  cursor_down               cud1       = <NL>
  cursor_home               home       = <Esc>[H
  cursor_invisible          civis      = <Esc>[?25l
  cursor_left               cub1       = <C-H>
  cursor_normal             cnorm      = <Esc>[?25h
  cursor_right              cuf1       = <Esc>[C
  cursor_up                 cuu1       = <Esc>[A
  cursor_visible            cvvis      = <Esc>[?12;25h
  delete_character          dch1       = <Esc>[P
  delete_line               dl1        = <Esc>[M
  dis_status_line           dsl        = <Esc>]2;<C-G>
  enter_alt_charset_mode    smacs      = <Esc>(0
  enter_bold_mode           bold       = <Esc>[1m
  enter_ca_mode             smcup      = <Esc>[?1049h
  enter_dim_mode            dim        = <Esc>[2m
  enter_insert_mode         smir       = <Esc>[4h
  enter_reverse_mode        rev        = <Esc>[7m
  enter_standout_mode       smso       = <Esc>[7m
  enter_underline_mode      smul       = <Esc>[4m
  erase_chars               ech        = <Esc>[%p1%dX
  exit_alt_charset_mode     rmacs      = <Esc>(B
  exit_attribute_mode       sgr0       = <Esc>(B<Esc>[m
  exit_ca_mode              rmcup      = <Esc>[?1049l
  exit_insert_mode          rmir       = <Esc>[4l
  exit_standout_mode        rmso       = <Esc>[27m
  exit_underline_mode       rmul       = <Esc>[24m
  flash_screen              flash      = <Esc>[?5h$<100/><Esc>[?5l
  from_status_line          fsl        = <C-G>
  insert_line               il1        = <Esc>[L
  key_backspace             kbs        = <^?>
  key_dc                    kdch1      = <Esc>[3~
  key_down                  kcud1      = <Esc>OB
  key_f1                    kf1        = <Esc>OP
  key_f10                   kf10       = <Esc>[21~
  key_f2                    kf2        = <Esc>OQ
  key_f3                    kf3        = <Esc>OR
  key_f4                    kf4        = <Esc>OS
  key_f5                    kf5        = <Esc>[15~
  key_f6                    kf6        = <Esc>[17~
  key_f7                    kf7        = <Esc>[18~
  key_f8                    kf8        = <Esc>[19~
  key_f9                    kf9        = <Esc>[20~
  key_home                  khome      = <Esc>OH
  key_ic                    kich1      = <Esc>[2~
  key_left                  kcub1      = <Esc>OD
  key_npage                 knp        = <Esc>[6~
  key_ppage                 kpp        = <Esc>[5~
  key_right                 kcuf1      = <Esc>OC
  key_sf                    kind       = <Esc>[1;2B
  key_sr                    kri        = <Esc>[1;2A
  key_up                    kcuu1      = <Esc>OA
  keypad_local              rmkx       = <Esc>[?1l
  keypad_xmit               smkx       = <Esc>[?1h
  parm_dch                  dch        = <Esc>[%p1%dP
  parm_delete_line          dl         = <Esc>[%p1%dM
  parm_down_cursor          cud        = <Esc>[%p1%dB
  parm_ich                  ich        = <Esc>[%p1%d@
  parm_index                indn       = <Esc>[%p1%dS
  parm_insert_line          il         = <Esc>[%p1%dL
  parm_left_cursor          cub        = <Esc>[%p1%dD
  parm_right_cursor         cuf        = <Esc>[%p1%dC
  parm_rindex               rin        = <Esc>[%p1%dT
  parm_up_cursor            cuu        = <Esc>[%p1%dA
  repeat_char               rep        = %p1%c<Esc>[%p2%{1}%-%db
  reset_1string             rs1        = <Esc>]<Esc>\<Esc>c
  restore_cursor            rc         = <Esc>8
  row_address               vpa        = <Esc>[%i%p1%dd
  save_cursor               sc         = <Esc>7
  scroll_forward            ind        = <NL>
  scroll_reverse            ri         = <Esc>M
  set_attributes            sgr        = %?%p9%t<Esc>(0%e<Esc>(B%;<Esc>[0%?%p6%t;1%;%?%p2%t;4%;%?%p1%p3%|%t;7%;%?%p4%t;5%;%?%p7%t;8%;m
  set_tab                   hts        = <Esc>H
  tab                       ht         = <Tab>
  to_status_line            tsl        = <Esc>]2;
  key_a1                    ka1        = 
  key_a3                    ka3        = 
  key_c1                    kc1        = 
  key_c3                    kc3        = 
  acs_chars                 acsc       = ++,,--..00``aaffgghhiijjkkllmmnnooppqqrrssttuuvvwwxxyyzz{{||}}~~
  key_btab                  kcbt       = <Esc>[Z
  enter_am_mode             smam       = <Esc>[?7h
  exit_am_mode              rmam       = <Esc>[?7l
  key_end                   kend       = <Esc>OF
  key_help                  khlp       = 
  key_undo                  kund       = 
  key_sdc                   kDC        = <Esc>[3;2~
  key_send                  kEND       = <Esc>[1;2F
  key_shome                 kHOM       = <Esc>[1;2H
  key_sic                   kIC        = <Esc>[2;2~
  key_sleft                 kLFT       = <Esc>[1;2D
  key_snext                 kNXT       = <Esc>[6;2~
  key_sprevious             kPRV       = <Esc>[5;2~
  key_sright                kRIT       = <Esc>[1;2C
  key_f11                   kf11       = <Esc>[23~
  key_f12                   kf12       = <Esc>[24~
  key_f13                   kf13       = <Esc>[1;2P
  key_f14                   kf14       = <Esc>[1;2Q
  key_f15                   kf15       = <Esc>[1;2R
  key_f16                   kf16       = <Esc>[1;2S
  key_f17                   kf17       = <Esc>[15;2~
  key_f18                   kf18       = <Esc>[17;2~
  key_f19                   kf19       = <Esc>[18;2~
  key_f20                   kf20       = <Esc>[19;2~
  key_f21                   kf21       = <Esc>[20;2~
  key_f22                   kf22       = <Esc>[21;2~
  key_f23                   kf23       = <Esc>[23;2~
  key_f24                   kf24       = <Esc>[24;2~
  key_f25                   kf25       = <Esc>[1;5P
  key_f26                   kf26       = <Esc>[1;5Q
  key_f27                   kf27       = <Esc>[1;5R
  key_f28                   kf28       = <Esc>[1;5S
  key_f29                   kf29       = <Esc>[15;5~
  key_f30                   kf30       = <Esc>[17;5~
  key_f31                   kf31       = <Esc>[18;5~
  key_f32                   kf32       = <Esc>[19;5~
  key_f33                   kf33       = <Esc>[20;5~
  key_f34                   kf34       = <Esc>[21;5~
  key_f35                   kf35       = <Esc>[23;5~
  key_f36                   kf36       = <Esc>[24;5~
  key_f37                   kf37       = <Esc>[1;6P
  key_f38                   kf38       = <Esc>[1;6Q
  key_f39                   kf39       = <Esc>[1;6R
  key_f40                   kf40       = <Esc>[1;6S
  key_f41                   kf41       = <Esc>[15;6~
  key_f42                   kf42       = <Esc>[17;6~
  key_f43                   kf43       = <Esc>[18;6~
  key_f44                   kf44       = <Esc>[19;6~
  key_f45                   kf45       = <Esc>[20;6~
  key_f46                   kf46       = <Esc>[21;6~
  key_f47                   kf47       = <Esc>[23;6~
  key_f48                   kf48       = <Esc>[24;6~
  key_f49                   kf49       = <Esc>[1;3P
  key_f50                   kf50       = <Esc>[1;3Q
  key_f51                   kf51       = <Esc>[1;3R
  key_f52                   kf52       = <Esc>[1;3S
  key_f53                   kf53       = <Esc>[15;3~
  key_f54                   kf54       = <Esc>[17;3~
  key_f55                   kf55       = <Esc>[18;3~
  key_f56                   kf56       = <Esc>[19;3~
  key_f57                   kf57       = <Esc>[20;3~
  key_f58                   kf58       = <Esc>[21;3~
  key_f59                   kf59       = <Esc>[23;3~
  key_f60                   kf60       = <Esc>[24;3~
  key_f61                   kf61       = <Esc>[1;4P
  key_f62                   kf62       = <Esc>[1;4Q
  key_f63                   kf63       = <Esc>[1;4R
  clr_bol                   el1        = <Esc>[1K
  user6                     u6         = <Esc>[%i%d;%dR
  user7                     u7         = <Esc>[6n
  user8                     u8         = <Esc>[?%[;0123456789]c
  user9                     u9         = <Esc>[c
  orig_pair                 op         = <Esc>[39;49m
  orig_colors               oc         = <Esc>]104<C-G>
  initialize_color          initc      = <Esc>]4;%p1%d;rgb:%p2%{255}%*%{1000}%/%2.2X/%p3%{255}%*%{1000}%/%2.2X/%p4%{255}%*%{1000}%/%2.2X<Esc>\
  enter_italics_mode        sitm       = <Esc>[3m
  exit_italics_mode         ritm       = <Esc>[23m
  key_mouse                 kmous      = <Esc>[M
  set_a_foreground          setaf      = <Esc>[%?%p1%{8}%<%t3%p1%d%e%p1%{16}%<%t9%p1%{8}%-%d%e38;5;%p1%d%;m
  set_a_background          setab      = <Esc>[%?%p1%{8}%<%t4%p1%d%e%p1%{16}%<%t10%p1%{8}%-%d%e48;5;%p1%d%;m
  set_tb_margin             smgtb      = <Esc>[%i%p1%d;%p2%dr
Extended boolean capabilities:
  Su                        = true
  Tc                        = true
  fullkbd                   = true
Extended string capabilities:
  Smulx                     = <Esc>[4:%p1%dm
  Sync                      = <Esc>P=%p1%ds<Esc>\
  kDC3                      = <Esc>[3;3~
  kDC4                      = <Esc>[3;4~
  kDC5                      = <Esc>[3;5~
  kDC6                      = <Esc>[3;6~
  kDC7                      = <Esc>[3;7~
  kDN                       = <Esc>[1;2B
  kDN3                      = <Esc>[1;3B
  kDN4                      = <Esc>[1;4B
  kDN5                      = <Esc>[1;5B
  kDN6                      = <Esc>[1;6B
  kDN7                      = <Esc>[1;7B
  kEND3                     = <Esc>[1;3F
  kEND4                     = <Esc>[1;4F
  kEND5                     = <Esc>[1;5F
  kEND6                     = <Esc>[1;6F
  kEND7                     = <Esc>[1;7F
  kHOM3                     = <Esc>[1;3H
  kHOM4                     = <Esc>[1;4H
  kHOM5                     = <Esc>[1;5H
  kHOM6                     = <Esc>[1;6H
  kHOM7                     = <Esc>[1;7H
  kIC3                      = <Esc>[2;3~
  kIC4                      = <Esc>[2;4~
  kIC5                      = <Esc>[2;5~
  kIC6                      = <Esc>[2;6~
  kIC7                      = <Esc>[2;7~
  kLFT3                     = <Esc>[1;3D
  kLFT4                     = <Esc>[1;4D
  kLFT5                     = <Esc>[1;5D
  kLFT6                     = <Esc>[1;6D
  kLFT7                     = <Esc>[1;7D
  kNXT3                     = <Esc>[6;3~
  kNXT4                     = <Esc>[6;4~
  kNXT5                     = <Esc>[6;5~
  kNXT6                     = <Esc>[6;6~
  kNXT7                     = <Esc>[6;7~
  kPRV3                     = <Esc>[5;3~
  kPRV4                     = <Esc>[5;4~
  kPRV5                     = <Esc>[5;5~
  kPRV6                     = <Esc>[5;6~
  kPRV7                     = <Esc>[5;7~
  kRIT3                     = <Esc>[1;3C
  kRIT4                     = <Esc>[1;4C
  kRIT5                     = <Esc>[1;5C
  kRIT6                     = <Esc>[1;6C
  kRIT7                     = <Esc>[1;7C
  kUP                       = <Esc>[1;2A
  kUP3                      = <Esc>[1;3A
  kUP4                      = <Esc>[1;4A
  kUP5                      = <Esc>[1;5A
  kUP6                      = <Esc>[1;6A
  kUP7                      = <Esc>[1;7A
  rmxx                      = <Esc>[29m
  setrgbb                   = <Esc>[48:2:%p1%d:%p2%d:%p3%dm
  setrgbf                   = <Esc>[38:2:%p1%d:%p2%d:%p3%dm
  smxx                      = <Esc>[9m
  ext.get_bg                = <Esc>]11;?<C-G>
  Ss                        = <Esc>[%p1%d q
  Se                        = <Esc>[ q
  ext.resize_screen         = <Esc>[8;%p1%d;%p2%dt
  ext.reset_scroll_region   = <Esc>[r
  ext.set_cursor_color      = <Esc>]12;#%p1%06x<C-G>
  ext.reset_cursor_color    = <Esc>]112<C-G>
  ext.save_title            = <Esc>[22;0t
  ext.restore_title         = <Esc>[23;0t
  ext.enable_lr_margin      = <Esc>[?69h
  ext.disable_lr_margin     = <Esc>[?69l
  ext.enable_bpaste         = <Esc>[?2004h
  ext.disable_bpaste        = <Esc>[?2004l
  ext.enable_focus          = <Esc>[?1004h
  ext.disable_focus         = <Esc>[?1004l
  ext.enable_mouse          = <Esc>[?1002h<Esc>[?1006h
  ext.disable_mouse         = <Esc>[?1002l<Esc>[?1006l
  ext.set_underline_color   = <Esc>[58:2::%p1%d:%p2%d:%p3%dm
}}}


NVIM v0.5.0
Build type: Release
LuaJIT 2.0.5
Compilation: /usr/bin/cc -D_FORTIFY_SOURCE=2 -march=x86-64 -mtune=generic -O2 -pipe -fno-plt -U_FORTIFY_SOURCE -D_FORTIFY_SOURCE=1 -DNVIM_TS_HAS_SET_MATCH_LIMIT -O2 -DNDEBUG -Wall -Wextra -pedantic -Wno-unused-parameter -Wstrict-prototypes -std=gnu99 -Wshadow -Wconversion -Wmissing-prototypes -Wimplicit-fallthrough -Wvla -fstack-protector-strong -fno-common -fdiagnostics-color=always -DINCLUDE_GENERATED_DECLARATIONS -D_GNU_SOURCE -DNVIM_MSGPACK_HAS_FLOAT32 -DNVIM_UNIBI_HAS_VAR_FROM -DMIN_LOG_LEVEL=3 -I/build/neovim/src/neovim-0.5.0/build/config -I/build/neovim/src/neovim-0.5.0/src -I/usr/include -I/build/neovim/src/neovim-0.5.0/build/src/nvim/auto -I/build/neovim/src/neovim-0.5.0/build/include
Compiled by builduser

Features: +acl +iconv +tui
See ":help feature-compile"

   system vimrc file: "$VIM/sysinit.vim"
  fall-back for $VIM: "/usr/share/nvim"

Run :checkhealth for more info
chdir(/home/wsz/42/fdf)
chdir(/home/wsz/.vim/plugged/coc.nvim/autoload)
chdir(/home/wsz/42/fdf)
sourcing "/home/wsz/.vim/plugged/coc.nvim/autoload/coc.vim"
finished sourcing /home/wsz/.vim/plugged/coc.nvim/autoload/coc.vim
chdir(/home/wsz/42/fdf)
chdir(/tmp/nvimxuSaw0/coc.nvim-255850)
chdir(/home/wsz/42/fdf)
sourcing "/tmp/nvimxuSaw0/coc.nvim-255850/coc-255850.vim"
finished sourcing /tmp/nvimxuSaw0/coc.nvim-255850/coc-255850.vim
chdir(/home/wsz/42/fdf)
chdir(/tmp/nvimxuSaw0/coc.nvim-255850)
chdir(/home/wsz/42/fdf)
sourcing "/tmp/nvimxuSaw0/coc.nvim-255850/coc-255850.vim"
finished sourcing /tmp/nvimxuSaw0/coc.nvim-255850/coc-255850.vim
chdir(/home/wsz/42/fdf)
chdir(/usr/share/nvim/runtime/autoload/provider)
chdir(/home/wsz/42/fdf)
sourcing "/usr/share/nvim/runtime/autoload/provider/python3.vim"
chdir(/home/wsz/42/fdf)
chdir(/usr/share/nvim/runtime/autoload/provider)
chdir(/home/wsz/42/fdf)
line 10: sourcing "/usr/share/nvim/runtime/autoload/provider/pythonx.vim"
finished sourcing /usr/share/nvim/runtime/autoload/provider/pythonx.vim
continuing in /usr/share/nvim/runtime/autoload/provider/python3.vim
Executing command: "'/usr/bin/python3' '-c' 'import sys; sys.path = list(filter(lambda x: x != "", sys.path)); sys.stdout.write(str(sys.version_info[0]) + "." + str(sys.version_info[1])); import pkgutil; exit(2*int(pkgutil.get_loader("neovim") is None))'"


chdir(/home/wsz/42/fdf)
chdir(/usr/share/nvim/runtime/autoload/remote)
chdir(/home/wsz/42/fdf)
line 23: sourcing "/usr/share/nvim/runtime/autoload/remote/host.vim"
finished sourcing /usr/share/nvim/runtime/autoload/remote/host.vim
continuing in /usr/share/nvim/runtime/autoload/provider/python3.vim
finished sourcing /usr/share/nvim/runtime/autoload/provider/python3.vim
chdir(/home/wsz/42/fdf)
chdir(/usr/share/nvim/runtime/autoload)
chdir(/home/wsz/42/fdf)
line 14: sourcing "/usr/share/nvim/runtime/autoload/provider.vim"
finished sourcing /usr/share/nvim/runtime/autoload/provider.vim
continuing in function provider#python3#Call[9]..remote#host#Require[10]..provider#pythonx#Require
chdir(/home/wsz/42/fdf)
chdir(/home/wsz/.config/coc/extensions/node_modules/coc-explorer/plugin)
chdir(/home/wsz/42/fdf)
sourcing "/home/wsz/.config/coc/extensions/node_modules/coc-explorer/plugin/coc_explorer.vim"
finished sourcing /home/wsz/.config/coc/extensions/node_modules/coc-explorer/plugin/coc_explorer.vim
chdir(/home/wsz/42/fdf)
chdir(/home/wsz/.config/coc/extensions/node_modules/coc-explorer/autoload/coc_explorer)
chdir(/home/wsz/42/fdf)
sourcing "/home/wsz/.config/coc/extensions/node_modules/coc-explorer/autoload/coc_explorer/highlight.vim"
finished sourcing /home/wsz/.config/coc/extensions/node_modules/coc-explorer/autoload/coc_explorer/highlight.vim
chdir(/home/wsz/42/fdf)
chdir(/home/wsz/.config/coc/extensions/node_modules/coc-explorer/autoload/coc_explorer)
chdir(/home/wsz/42/fdf)
sourcing "/home/wsz/.config/coc/extensions/node_modules/coc-explorer/autoload/coc_explorer/mappings.vim"
finished sourcing /home/wsz/.config/coc/extensions/node_modules/coc-explorer/autoload/coc_explorer/mappings.vim

Executing BufLeave Autocommands for "*"
autocommand :if mode() == 'i' | call lessspace#OnInsertExit() | endif

Executing BufLeave Autocommands for "*"
autocommand call airline#extensions#tabline#buflist#invalidate()

Executing WinLeave Autocommands for "*"
autocommand call s:Autocmd('WinLeave', win_getid())

Executing WinLeave Autocommands for "*"
autocommand call s:set_numbers(0)

Executing WinLeave Autocommands for "*"
autocommand call s:Remove_Matches()

Executing WinClosed Autocommands for "*"
autocommand call coc#float#close_related(+expand('<afile>'))

chdir(/home/wsz/42/fdf)
chdir(/home/wsz/.vim/plugged/coc.nvim/autoload/coc)
chdir(/home/wsz/42/fdf)
line 0: sourcing "/home/wsz/.vim/plugged/coc.nvim/autoload/coc/float.vim"
finished sourcing /home/wsz/.vim/plugged/coc.nvim/autoload/coc/float.vim
continuing in WinClosed Autocommands for "*"
Executing BufWinLeave Autocommands for "*"
autocommand call s:Autocmd('BufWinLeave', +expand('<abuf>'), bufwinid(+expand('<abuf>')))

Executing BufWinLeave Autocommands for "*"
autocommand call s:set_numbers(0)

Executing BufUnload Autocommands for "*"
autocommand call <sid>on_window_changed('BufUnload')

Executing BufUnload Autocommands for "*"
autocommand call s:Autocmd('BufUnload', +expand('<abuf>'))

Executing BufUnload Autocommands for "*"
autocommand call airline#extensions#tabline#buflist#invalidate()

Executing BufDelete Autocommands for "*"
autocommand silent! call remove(g:fzf#vim#buffers, expand('<abuf>'))

Executing BufDelete Autocommands for "*"
autocommand call airline#extensions#tabline#tabs#invalidate()

Executing BufDelete Autocommands for "*"
autocommand call airline#extensions#tabline#buflist#clean()

Executing BufDelete Autocommands for "*"
autocommand call CocHelperCallFn_0_9_4('1_util', 'run_coc_cmd_async', ['coc-helper.internal.didVimEvent_1', 'BufDelete', +expand('<abuf>')])

Executing BufDelete Autocommands for "*"
autocommand call CocHelperCallFn_0_9_4('1_util', 'run_coc_cmd_async', ['coc-helper.internal.didVimEvent_2', 'BufDelete', +expand("<abuf>")])

Executing WinEnter Autocommands for "*"
autocommand call <sid>on_window_changed('WinEnter')

Executing WinEnter Autocommands for "*"
autocommand call coc#float#nvim_win_enter(win_getid())

autocommand call s:Autocmd('WinEnter', win_getid())

Executing WinEnter Autocommands for "NERD_tree_*"
autocommand stopinsert

Executing WinEnter Autocommands for "*"
autocommand let g:fzf#vim#buffers[bufnr('')] = reltimefloat(reltime())

Executing WinEnter Autocommands for "*"
autocommand call s:set_numbers(1)

Executing WinEnter Autocommands for "*"
autocommand call s:Highlight_Matching_Pair()

Executing WinEnter Autocommands for "*"
autocommand call s:dopopd()

Executing CursorMoved Autocommands for "*"
autocommand call <sid>on_cursor_moved()

Executing CursorMoved Autocommands for "*"
autocommand call coc#float#nvim_refresh_scrollbar(win_getid())

autocommand call s:Autocmd('CursorMoved', +expand('<abuf>'), [line('.'), col('.')])

Executing CursorMoved Autocommands for "*"
autocommand execute ''

Executing CursorMoved Autocommands for "*"
autocommand call s:Highlight_Matching_Pair()

Executing BufEnter Autocommands for "*"
autocommand if (winnr("$") == 1 && exists("b:NERDTree") && b:NERDTree.isTabTree()) | q | endif

Writing ShaDa file "/home/wsz/.local/share/nvim/shada/main.shada"
chdir(/home/wsz/42/fdf)
chdir(/home/wsz/.vim/plugged/coc.nvim/autoload/coc)
chdir(/home/wsz/42/fdf)
line 0: sourcing "/home/wsz/.vim/plugged/coc.nvim/autoload/coc/highlight.vim"
finished sourcing /home/wsz/.vim/plugged/coc.nvim/autoload/coc/highlight.vim
continuing in BufEnter Autocommands for "*"
chdir(/home/wsz/42/fdf)
chdir(/home/wsz/.vim/plugged/coc.nvim/autoload/coc)
chdir(/home/wsz/42/fdf)
line 0: sourcing "/home/wsz/.vim/plugged/coc.nvim/autoload/coc/compat.vim"
finished sourcing /home/wsz/.vim/plugged/coc.nvim/autoload/coc/compat.vim
continuing in BufEnter Autocommands for "*"
  1u     "[No Name]"                    line 1
  2u% -  "NERD_tree_1"                  line 4